<?xml version="1.0" encoding="UTF-8"?>
<!-- Generated by org.testng.reporters.JUnitXMLReporter -->
<testsuite ignored="0" hostname="LTIN555665" failures="0" tests="11" name="TestNG - Edge" time="495.251" errors="0" timestamp="2025-07-18T10:13:17 IST">
  <testcase classname="com.loanemi.tests.LoanEMITest" name="testCarLoanEMICalculation" time="1.595"/>
  <testcase classname="com.loanemi.tests.LoanEMITest" name="testHomeLoanEMIDataExtraction" time="63.778"/>
  <testcase classname="com.loanemi.tests.LoanEMITest" name="testOnlyEMICalculatorFields" time="41.162"/>
  <testcase classname="com.loanemi.tests.LoanEMITest" name="testEMICalculatorUIValidation" time="40.067"/>
  <testcase classname="com.loanemi.tests.LoanEMITest" name="testOnlyLoanAmountCalculatorFields" time="40.915"/>
  <testcase classname="com.loanemi.tests.LoanEMITest" name="testLoanAmountCalculatorUIValidation" time="40.031"/>
  <testcase classname="com.loanemi.tests.LoanEMITest" name="testOnlyLoanTenureCalculatorFields" time="40.403"/>
  <testcase classname="com.loanemi.tests.LoanEMITest" name="testLoanTenureCalculatorUIValidation" time="39.739"/>
  <testcase classname="com.loanemi.tests.LoanEMITest" name="testOnlyInterestRateCalculatorFields" time="40.605"/>
  <testcase classname="com.loanemi.tests.LoanEMITest" name="testInterestRateCalculatorUIValidation" time="39.962"/>
  <testcase classname="com.loanemi.tests.LoanEMITest" name="testCreditCardEMICalculatorCalculation" time="50.332"/>
</testsuite> <!-- TestNG - Edge -->
