<?xml version="1.0" encoding="UTF-8"?>
<!-- Generated by org.testng.reporters.JUnitXMLReporter -->
<testsuite ignored="0" hostname="LTIN555665" failures="0" tests="11" name="TestNG - Chrome" time="495.537" errors="0" timestamp="2025-07-18T10:13:17 IST">
  <testcase classname="com.loanemi.tests.LoanEMITest" name="testCarLoanEMICalculation" time="1.0"/>
  <testcase classname="com.loanemi.tests.LoanEMITest" name="testHomeLoanEMIDataExtraction" time="61.851"/>
  <testcase classname="com.loanemi.tests.LoanEMITest" name="testOnlyEMICalculatorFields" time="40.584"/>
  <testcase classname="com.loanemi.tests.LoanEMITest" name="testEMICalculatorUIValidation" time="39.733"/>
  <testcase classname="com.loanemi.tests.LoanEMITest" name="testOnlyLoanAmountCalculatorFields" time="41.328"/>
  <testcase classname="com.loanemi.tests.LoanEMITest" name="testLoanAmountCalculatorUIValidation" time="39.916"/>
  <testcase classname="com.loanemi.tests.LoanEMITest" name="testOnlyLoanTenureCalculatorFields" time="39.791"/>
  <testcase classname="com.loanemi.tests.LoanEMITest" name="testLoanTenureCalculatorUIValidation" time="39.676"/>
  <testcase classname="com.loanemi.tests.LoanEMITest" name="testOnlyInterestRateCalculatorFields" time="40.026"/>
  <testcase classname="com.loanemi.tests.LoanEMITest" name="testInterestRateCalculatorUIValidation" time="39.557"/>
  <testcase classname="com.loanemi.tests.LoanEMITest" name="testCreditCardEMICalculatorCalculation" time="39.5"/>
</testsuite> <!-- TestNG - Chrome -->
