<?xml version="1.0" encoding="UTF-8"?>
<testsuite xmlns:xsi="http://www.w3.org/2001/XMLSchema-instance" xsi:noNamespaceSchemaLocation="https://maven.apache.org/surefire/maven-surefire-plugin/xsd/surefire-test-report-3.0.xsd" version="3.0" name="TestSuite" time="954.61" tests="44" errors="0" skipped="0" failures="0">
  <properties>
[...]
</properties>
  <testcase name="testCarLoanEMICalculation" classname="com.loanemi.tests.LoanEMITest" time="1.698">
    <system-out><![CDATA[remote
remote

@carpage @car_emi
Scenario: Validate Car Loan EMI                          # src/test/resources/com/loanemi/features/01_car_emi.feature:24

@carpage @car_emi
Scenario: Validate Car Loan EMI                          # src/test/resources/com/loanemi/features/01_car_emi.feature:24
remote
remote
]]></system-out>
    <system-err><![CDATA[SLF4J: Failed to load class "org.slf4j.impl.StaticLoggerBinder".
SLF4J: Defaulting to no-operation (NOP) logger implementation
SLF4J: See http://www.slf4j.org/codes.html#StaticLoggerBinder for further details.
Jul 18, 2025 10:05:02 AM org.openqa.selenium.remote.tracing.opentelemetry.OpenTelemetryTracer createTracer
INFO: Using OpenTelemetry for tracing
]]></system-err>
  </testcase>
  <testcase name="testCarLoanEMICalculation" classname="com.loanemi.tests.LoanEMITest" time="0.182">
    <system-out><![CDATA[
@homepage @home
Scenario: Extract Home Loan EMI and Amortization Table                  # src/test/resources/com/loanemi/features/02_home_loan.feature:24
remote
]]></system-out>
  </testcase>
  <testcase name="testHomeLoanEMIDataExtraction" classname="com.loanemi.tests.LoanEMITest" time="56.986">
    <system-out><![CDATA[
@homepage @home
Scenario: Extract Home Loan EMI and Amortization Table                  # src/test/resources/com/loanemi/features/02_home_loan.feature:24
remote
  Given The user opens the EMI calculator site                          # com.loanemi.stepdefs.LoanSteps.openEmiCalculatorSite()
  Given The user opens the EMI calculator site                          # com.loanemi.stepdefs.LoanSteps.openEmiCalculatorSite()
]]></system-out>
  </testcase>
  <testcase name="testHomeLoanEMIDataExtraction" classname="com.loanemi.tests.LoanEMITest" time="3.702"/>
  <testcase name="testOnlyEMICalculatorFields" classname="com.loanemi.tests.LoanEMITest" time="37.463"/>
  <testcase name="testOnlyEMICalculatorFields" classname="com.loanemi.tests.LoanEMITest" time="3.109"/>
  <testcase name="testEMICalculatorUIValidation" classname="com.loanemi.tests.LoanEMITest" time="27.52">
    <system-out><![CDATA[
@loanpage @emi_field
Scenario: Validate EMI Calculator Fields and Sliders             # src/test/resources/com/loanemi/features/03_emifield.feature:24

@loanpage @emi_field
Scenario: Validate EMI Calculator Fields and Sliders             # src/test/resources/com/loanemi/features/03_emifield.feature:24
remote
remote
]]></system-out>
  </testcase>
  <testcase name="testEMICalculatorUIValidation" classname="com.loanemi.tests.LoanEMITest" time="2.781"/>
  <testcase name="testOnlyLoanAmountCalculatorFields" classname="com.loanemi.tests.LoanEMITest" time="38.137">
    <system-out><![CDATA[  Given The user opens the EMI calculator site                   # com.loanemi.stepdefs.LoanSteps.openEmiCalculatorSite()
  Given The user opens the EMI calculator site                   # com.loanemi.stepdefs.LoanSteps.openEmiCalculatorSite()
]]></system-out>
  </testcase>
  <testcase name="testOnlyLoanAmountCalculatorFields" classname="com.loanemi.tests.LoanEMITest" time="3.187"/>
  <testcase name="testLoanAmountCalculatorUIValidation" classname="com.loanemi.tests.LoanEMITest" time="21.713">
    <system-out><![CDATA[
@loanpage @emi_ui
Scenario: Validate EMI Calculator Results and Summary # src/test/resources/com/loanemi/features/04_emi_calculator.feature:24
remote
]]></system-out>
  </testcase>
  <testcase name="testLoanAmountCalculatorUIValidation" classname="com.loanemi.tests.LoanEMITest" time="3.073"/>
  <testcase name="testOnlyLoanTenureCalculatorFields" classname="com.loanemi.tests.LoanEMITest" time="37.328">
    <system-out><![CDATA[  Given The user opens the EMI calculator site        # com.loanemi.stepdefs.LoanSteps.openEmiCalculatorSite()
  Given The user opens the EMI calculator site        # com.loanemi.stepdefs.LoanSteps.openEmiCalculatorSite()
]]></system-out>
  </testcase>
  <testcase name="testOnlyLoanTenureCalculatorFields" classname="com.loanemi.tests.LoanEMITest" time="2.463"/>
  <testcase name="testLoanTenureCalculatorUIValidation" classname="com.loanemi.tests.LoanEMITest" time="15.495">
    <system-out><![CDATA[
@loanpage @amount_field
Scenario: Validate Loan Amount Fields and Sliders                        # src/test/resources/com/loanemi/features/05_loanamountfield.feature:24
remote
]]></system-out>
  </testcase>
  <testcase name="testLoanTenureCalculatorUIValidation" classname="com.loanemi.tests.LoanEMITest" time="2.404"/>
  <testcase name="testOnlyInterestRateCalculatorFields" classname="com.loanemi.tests.LoanEMITest" time="38.198">
    <system-out><![CDATA[  Given The user opens the EMI calculator site                           # com.loanemi.stepdefs.LoanSteps.openEmiCalculatorSite()
  Given The user opens the EMI calculator site                           # com.loanemi.stepdefs.LoanSteps.openEmiCalculatorSite()
]]></system-out>
  </testcase>
  <testcase name="testOnlyInterestRateCalculatorFields" classname="com.loanemi.tests.LoanEMITest" time="1.83"/>
  <testcase name="testInterestRateCalculatorUIValidation" classname="com.loanemi.tests.LoanEMITest" time="9.673">
    <system-out><![CDATA[
@loanpage @amount_ui
Scenario: Validate Loan Amount Results and Summary        # src/test/resources/com/loanemi/features/06_loan_amount_calculator.feature:24
remote
]]></system-out>
  </testcase>
  <testcase name="testInterestRateCalculatorUIValidation" classname="com.loanemi.tests.LoanEMITest" time="1.421"/>
  <testcase name="testCreditCardEMICalculatorCalculation" classname="com.loanemi.tests.LoanEMITest" time="39.5">
    <system-out><![CDATA[  Given The user opens the EMI calculator site            # com.loanemi.stepdefs.LoanSteps.openEmiCalculatorSite()
  Given The user opens the EMI calculator site            # com.loanemi.stepdefs.LoanSteps.openEmiCalculatorSite()
EMI displayed: ₹3511.0
]]></system-out>
  </testcase>
  <testcase name="testCreditCardEMICalculatorCalculation" classname="com.loanemi.tests.LoanEMITest" time="48.905">
    <system-out><![CDATA[EMI displayed: ₹3511.0
]]></system-out>
  </testcase>
  <testcase name="runScenario[&quot;Validate Car Loan EMI&quot;, &quot;Car Loan EMI Calculation&quot;](1)" classname="com.loanemi.runner.TestRunner" time="0.819">
    <system-out><![CDATA[  Given The user opens the EMI calculator site           # com.loanemi.stepdefs.LoanSteps.openEmiCalculatorSite()
  When The user calculates the car loan EMI              # com.loanemi.stepdefs.LoanSteps.calculateCarLoanEMI()
  Then The user should see the car loan EMI and interest # com.loanemi.stepdefs.LoanSteps.verifyCarLoanResults()
  Given The user opens the EMI calculator site           # com.loanemi.stepdefs.LoanSteps.openEmiCalculatorSite()
  When The user calculates the car loan EMI              # com.loanemi.stepdefs.LoanSteps.calculateCarLoanEMI()
  Then The user should see the car loan EMI and interest # com.loanemi.stepdefs.LoanSteps.verifyCarLoanResults()
]]></system-out>
  </testcase>
  <testcase name="runScenario[&quot;Validate Car Loan EMI&quot;, &quot;Car Loan EMI Calculation&quot;](1)" classname="com.loanemi.runner.TestRunner" time="1.16"/>
  <testcase name="runScenario[&quot;Extract Home Loan EMI and Amortization Table&quot;, &quot;Home Loan EMI Data Extraction&quot;](2)" classname="com.loanemi.runner.TestRunner" time="9.423">
    <system-out><![CDATA[  When The user calculates and extracts Home Loan EMI data              # com.loanemi.stepdefs.LoanSteps.calculateHomeLoanEMI()
  Then The user should see the Home Loan summary and amortization table # com.loanemi.stepdefs.LoanSteps.verifyHomeLoanResults()
  When The user calculates and extracts Home Loan EMI data              # com.loanemi.stepdefs.LoanSteps.calculateHomeLoanEMI()
  Then The user should see the Home Loan summary and amortization table # com.loanemi.stepdefs.LoanSteps.verifyHomeLoanResults()
]]></system-out>
  </testcase>
  <testcase name="runScenario[&quot;Extract Home Loan EMI and Amortization Table&quot;, &quot;Home Loan EMI Data Extraction&quot;](2)" classname="com.loanemi.runner.TestRunner" time="0.003"/>
  <testcase name="runScenario[&quot;Validate EMI Calculator Fields and Sliders&quot;, &quot;EMI Calculator Field and Slider Validation&quot;](3)" classname="com.loanemi.runner.TestRunner" time="14.1">
    <system-out><![CDATA[  When The user validates EMI calculator fields and sliders only # com.loanemi.stepdefs.LoanSteps.validateEMIFieldsOnly()
  Then The user should see validated EMI fields and sliders      # com.loanemi.stepdefs.LoanSteps.verifyEMIFields()
  When The user validates EMI calculator fields and sliders only # com.loanemi.stepdefs.LoanSteps.validateEMIFieldsOnly()
  Then The user should see validated EMI fields and sliders      # com.loanemi.stepdefs.LoanSteps.verifyEMIFields()
]]></system-out>
  </testcase>
  <testcase name="runScenario[&quot;Validate EMI Calculator Fields and Sliders&quot;, &quot;EMI Calculator Field and Slider Validation&quot;](3)" classname="com.loanemi.runner.TestRunner" time="1.024">
    <system-out><![CDATA[
@loanpage @emi_ui
Scenario: Validate EMI Calculator Results and Summary # src/test/resources/com/loanemi/features/04_emi_calculator.feature:24
remote
]]></system-out>
  </testcase>
  <testcase name="runScenario[&quot;Validate EMI Calculator Results and Summary&quot;, &quot;EMI Calculator UI Validation&quot;](4)" classname="com.loanemi.runner.TestRunner" time="19.008">
    <system-out><![CDATA[  When The user validates EMI calculator summary      # com.loanemi.stepdefs.LoanSteps.validateEMIUI()
  Then The user should see the EMI result summary     # com.loanemi.stepdefs.LoanSteps.verifyEMISummary()
  When The user validates EMI calculator summary      # com.loanemi.stepdefs.LoanSteps.validateEMIUI()
  Then The user should see the EMI result summary     # com.loanemi.stepdefs.LoanSteps.verifyEMISummary()
]]></system-out>
  </testcase>
  <testcase name="runScenario[&quot;Validate EMI Calculator Results and Summary&quot;, &quot;EMI Calculator UI Validation&quot;](4)" classname="com.loanemi.runner.TestRunner" time="2.768">
    <system-out><![CDATA[
@loanpage @amount_field
Scenario: Validate Loan Amount Fields and Sliders                        # src/test/resources/com/loanemi/features/05_loanamountfield.feature:24
remote
]]></system-out>
  </testcase>
  <testcase name="runScenario[&quot;Validate Loan Amount Fields and Sliders&quot;, &quot;Loan Amount Calculator Field and Slider Validation&quot;](5)" classname="com.loanemi.runner.TestRunner" time="24.99">
    <system-out><![CDATA[  When The user validates Loan Amount calculator fields and sliders only # com.loanemi.stepdefs.LoanSteps.validateLoanAmountFieldsOnly()
  Then The user should see validated Loan Amount fields and sliders      # com.loanemi.stepdefs.LoanSteps.verifyLoanAmountFields()
  When The user validates Loan Amount calculator fields and sliders only # com.loanemi.stepdefs.LoanSteps.validateLoanAmountFieldsOnly()
  Then The user should see validated Loan Amount fields and sliders      # com.loanemi.stepdefs.LoanSteps.verifyLoanAmountFields()
]]></system-out>
  </testcase>
  <testcase name="runScenario[&quot;Validate Loan Amount Fields and Sliders&quot;, &quot;Loan Amount Calculator Field and Slider Validation&quot;](5)" classname="com.loanemi.runner.TestRunner" time="3.467">
    <system-out><![CDATA[
@loanpage @amount_ui
Scenario: Validate Loan Amount Results and Summary        # src/test/resources/com/loanemi/features/06_loan_amount_calculator.feature:24
remote
]]></system-out>
  </testcase>
  <testcase name="runScenario[&quot;Validate Loan Amount Results and Summary&quot;, &quot;Loan Amount Calculator UI Validation&quot;](6)" classname="com.loanemi.runner.TestRunner" time="69.125">
    <system-out><![CDATA[  When The user validates Loan Amount calculator summary  # com.loanemi.stepdefs.LoanSteps.validateLoanAmountUI()
  Then The user should see the Loan Amount result summary # com.loanemi.stepdefs.LoanSteps.verifyLoanAmountSummary()
]]></system-out>
  </testcase>
  <testcase name="runScenario[&quot;Validate Loan Amount Results and Summary&quot;, &quot;Loan Amount Calculator UI Validation&quot;](6)" classname="com.loanemi.runner.TestRunner" time="5.517">
    <system-out><![CDATA[
@loanpage @tenure_field
Scenario: Validate Loan Tenure Fields and Sliders                        # src/test/resources/com/loanemi/features/07_tenurefield.feature:25
remote
  When The user validates Loan Amount calculator summary  # com.loanemi.stepdefs.LoanSteps.validateLoanAmountUI()
  Then The user should see the Loan Amount result summary # com.loanemi.stepdefs.LoanSteps.verifyLoanAmountSummary()
]]></system-out>
  </testcase>
  <testcase name="runScenario[&quot;Validate Loan Tenure Fields and Sliders&quot;, &quot;Loan Tenure Calculator Field and Slider Validation&quot;](7)" classname="com.loanemi.runner.TestRunner" time="80.059">
    <system-out><![CDATA[
@loanpage @tenure_field
Scenario: Validate Loan Tenure Fields and Sliders                        # src/test/resources/com/loanemi/features/07_tenurefield.feature:25
remote
  Given The user opens the EMI calculator site                           # com.loanemi.stepdefs.LoanSteps.openEmiCalculatorSite()
  Given The user opens the EMI calculator site                           # com.loanemi.stepdefs.LoanSteps.openEmiCalculatorSite()
  When The user validates Loan Tenure calculator fields and sliders only # com.loanemi.stepdefs.LoanSteps.validateTenureFieldsOnly()
  Then The user should see validated Loan Tenure fields and sliders      # com.loanemi.stepdefs.LoanSteps.verifyLoanTenureFields()
]]></system-out>
  </testcase>
  <testcase name="runScenario[&quot;Validate Loan Tenure Fields and Sliders&quot;, &quot;Loan Tenure Calculator Field and Slider Validation&quot;](7)" classname="com.loanemi.runner.TestRunner" time="8.071">
    <system-out><![CDATA[
@loanpage @tenure_ui
Scenario: Validate Loan Tenure Summary                    # src/test/resources/com/loanemi/features/08_loan_tenure_calculator.feature:24
remote
  When The user validates Loan Tenure calculator fields and sliders only # com.loanemi.stepdefs.LoanSteps.validateTenureFieldsOnly()
  Then The user should see validated Loan Tenure fields and sliders      # com.loanemi.stepdefs.LoanSteps.verifyLoanTenureFields()
]]></system-out>
  </testcase>
  <testcase name="runScenario[&quot;Validate Loan Tenure Summary&quot;, &quot;Loan Tenure Calculator UI Validation&quot;](8)" classname="com.loanemi.runner.TestRunner" time="75.987">
    <system-out><![CDATA[
@loanpage @tenure_ui
Scenario: Validate Loan Tenure Summary                    # src/test/resources/com/loanemi/features/08_loan_tenure_calculator.feature:24
remote
  Given The user opens the EMI calculator site            # com.loanemi.stepdefs.LoanSteps.openEmiCalculatorSite()
  Given The user opens the EMI calculator site            # com.loanemi.stepdefs.LoanSteps.openEmiCalculatorSite()
  When The user validates Loan Tenure calculator summary  # com.loanemi.stepdefs.LoanSteps.validateTenureUI()
  Then The user should see the Loan Tenure result summary # com.loanemi.stepdefs.LoanSteps.verifyLoanTenureSummary()
]]></system-out>
  </testcase>
  <testcase name="runScenario[&quot;Validate Loan Tenure Summary&quot;, &quot;Loan Tenure Calculator UI Validation&quot;](8)" classname="com.loanemi.runner.TestRunner" time="8.914">
    <system-out><![CDATA[
@loanpage @rate_field
Scenario: Validate Interest Rate Fields and Sliders                        # src/test/resources/com/loanemi/features/09_interestratefield.feature:25
remote
  When The user validates Loan Tenure calculator summary  # com.loanemi.stepdefs.LoanSteps.validateTenureUI()
  Then The user should see the Loan Tenure result summary # com.loanemi.stepdefs.LoanSteps.verifyLoanTenureSummary()
]]></system-out>
  </testcase>
  <testcase name="runScenario[&quot;Validate Interest Rate Fields and Sliders&quot;, &quot;Interest Rate Calculator Field and Slider Validation&quot;](9)" classname="com.loanemi.runner.TestRunner" time="86.718">
    <system-out><![CDATA[
@loanpage @rate_field
Scenario: Validate Interest Rate Fields and Sliders                        # src/test/resources/com/loanemi/features/09_interestratefield.feature:25
remote
  Given The user opens the EMI calculator site                             # com.loanemi.stepdefs.LoanSteps.openEmiCalculatorSite()
  Given The user opens the EMI calculator site                             # com.loanemi.stepdefs.LoanSteps.openEmiCalculatorSite()
  When The user validates Interest Rate calculator fields and sliders only # com.loanemi.stepdefs.LoanSteps.validateInterestFieldsOnly()
  Then The user should see validated Interest Rate fields and sliders      # com.loanemi.stepdefs.LoanSteps.verifyInterestFields()
  When The user validates Interest Rate calculator fields and sliders only # com.loanemi.stepdefs.LoanSteps.validateInterestFieldsOnly()
  Then The user should see validated Interest Rate fields and sliders      # com.loanemi.stepdefs.LoanSteps.verifyInterestFields()
]]></system-out>
  </testcase>
  <testcase name="runScenario[&quot;Validate Interest Rate Fields and Sliders&quot;, &quot;Interest Rate Calculator Field and Slider Validation&quot;](9)" classname="com.loanemi.runner.TestRunner" time="3.24">
    <system-out><![CDATA[
@loanpage @rate_ui
Scenario: Validate Interest Rate Summary                    # src/test/resources/com/loanemi/features/10_interest_rate_calculator.feature:24
remote
]]></system-out>
  </testcase>
  <testcase name="runScenario[&quot;Validate Interest Rate Summary&quot;, &quot;Interest Rate Calculator UI Validation&quot;](10)" classname="com.loanemi.runner.TestRunner" time="81.875">
    <system-out><![CDATA[
@loanpage @rate_ui
Scenario: Validate Interest Rate Summary                    # src/test/resources/com/loanemi/features/10_interest_rate_calculator.feature:24
remote
  Given The user opens the EMI calculator site              # com.loanemi.stepdefs.LoanSteps.openEmiCalculatorSite()
  Given The user opens the EMI calculator site              # com.loanemi.stepdefs.LoanSteps.openEmiCalculatorSite()
  When The user validates Interest Rate calculator summary  # com.loanemi.stepdefs.LoanSteps.validateInterestUI()
  Then The user should see the Interest Rate result summary # com.loanemi.stepdefs.LoanSteps.verifyInterestRateSummary()
]]></system-out>
  </testcase>
  <testcase name="runScenario[&quot;Validate Interest Rate Summary&quot;, &quot;Interest Rate Calculator UI Validation&quot;](10)" classname="com.loanemi.runner.TestRunner" time="7.322">
    <system-out><![CDATA[
@creditpage @credit_emi
Scenario: Validate Credit Card EMI                   # src/test/resources/com/loanemi/features/11_credit_card_emi.feature:24
remote
  When The user validates Interest Rate calculator summary  # com.loanemi.stepdefs.LoanSteps.validateInterestUI()
  Then The user should see the Interest Rate result summary # com.loanemi.stepdefs.LoanSteps.verifyInterestRateSummary()
]]></system-out>
  </testcase>
  <testcase name="runScenario[&quot;Validate Credit Card EMI&quot;, &quot;Credit Card EMI Calculation&quot;](11)" classname="com.loanemi.runner.TestRunner" time="76.992">
    <system-out><![CDATA[
@creditpage @credit_emi
Scenario: Validate Credit Card EMI                   # src/test/resources/com/loanemi/features/11_credit_card_emi.feature:24
remote
  Given The user opens the EMI calculator site       # com.loanemi.stepdefs.LoanSteps.openEmiCalculatorSite()
  Given The user opens the EMI calculator site       # com.loanemi.stepdefs.LoanSteps.openEmiCalculatorSite()
  When The user calculates the credit card EMI       # com.loanemi.stepdefs.LoanSteps.calculateCreditCardEMI()
  Then The user should see the credit card EMI value # com.loanemi.stepdefs.LoanSteps.verifyCreditCardEMIResult()
]]></system-out>
  </testcase>
  <testcase name="runScenario[&quot;Validate Credit Card EMI&quot;, &quot;Credit Card EMI Calculation&quot;](11)" classname="com.loanemi.runner.TestRunner" time="86.24">
    <system-out><![CDATA[  When The user calculates the credit card EMI       # com.loanemi.stepdefs.LoanSteps.calculateCreditCardEMI()
  Then The user should see the credit card EMI value # com.loanemi.stepdefs.LoanSteps.verifyCreditCardEMIResult()
]]></system-out>
  </testcase>
</testsuite>