<?xml version="1.0" encoding="UTF-8"?>
<testng-results ignored="0" total="44" passed="44" failed="0" skipped="0">
  <reporter-output>
  </reporter-output>
  <suite started-at="2025-07-18T10:05:02 IST" name="Loan EMI Automation Suite" finished-at="2025-07-18T10:20:51 IST" duration-ms="949347">
    <groups>
      <group name="cucumber">
        <method signature="AbstractTestNGCucumberTests.runScenario(io.cucumber.testng.PickleWrapper,io.cucumber.testng.FeatureWrapper)[pri:0, instance:com.loanemi.runner.TestRunner@5e77f0f4]" name="runScenario" class="io.cucumber.testng.AbstractTestNGCucumberTests"/>
        <method signature="AbstractTestNGCucumberTests.runScenario(io.cucumber.testng.PickleWrapper,io.cucumber.testng.FeatureWrapper)[pri:0, instance:com.loanemi.runner.TestRunner@4816c290]" name="runScenario" class="io.cucumber.testng.AbstractTestNGCucumberTests"/>
      </group> <!-- cucumber -->
    </groups>
    <test started-at="2025-07-18T10:05:02 IST" name="TestNG - Edge" finished-at="2025-07-18T10:13:17 IST" duration-ms="495251">
      <class name="com.loanemi.tests.LoanEMITest">
        <test-method is-config="true" signature="setUp(java.lang.String)[pri:0, instance:com.loanemi.tests.LoanEMITest@7cbee484]" started-at="2025-07-18T10:05:02 IST" name="setUp" finished-at="2025-07-18T10:05:48 IST" duration-ms="46293" status="PASS">
          <params>
            <param index="0">
              <value>
                <![CDATA[MicrosoftEdge]]>
              </value>
            </param>
          </params>
          <reporter-output>
          </reporter-output>
        </test-method> <!-- setUp -->
        <test-method signature="testCarLoanEMICalculation()[pri:1, instance:com.loanemi.tests.LoanEMITest@7cbee484]" started-at="2025-07-18T10:05:48 IST" name="testCarLoanEMICalculation" finished-at="2025-07-18T10:05:50 IST" duration-ms="1595" status="PASS">
          <reporter-output>
          </reporter-output>
        </test-method> <!-- testCarLoanEMICalculation -->
        <test-method is-config="true" signature="captureResult(org.testng.ITestResult)[pri:0, instance:com.loanemi.tests.LoanEMITest@7cbee484]" started-at="2025-07-18T10:05:50 IST" name="captureResult" finished-at="2025-07-18T10:05:50 IST" duration-ms="2" status="PASS">
          <params>
            <param index="0">
              <value>
                <![CDATA[[TestResult name=testCarLoanEMICalculation status=SUCCESS method=LoanEMITest.testCarLoanEMICalculation()[pri:1, instance:com.loanemi.tests.LoanEMITest@7cbee484] output={null}]]]>
              </value>
            </param>
          </params>
          <reporter-output>
          </reporter-output>
        </test-method> <!-- captureResult -->
        <test-method signature="testHomeLoanEMIDataExtraction()[pri:2, instance:com.loanemi.tests.LoanEMITest@7cbee484]" started-at="2025-07-18T10:05:50 IST" name="testHomeLoanEMIDataExtraction" finished-at="2025-07-18T10:06:54 IST" duration-ms="63778" status="PASS">
          <reporter-output>
          </reporter-output>
        </test-method> <!-- testHomeLoanEMIDataExtraction -->
        <test-method is-config="true" signature="captureResult(org.testng.ITestResult)[pri:0, instance:com.loanemi.tests.LoanEMITest@7cbee484]" started-at="2025-07-18T10:06:54 IST" name="captureResult" finished-at="2025-07-18T10:06:54 IST" duration-ms="1" status="PASS">
          <params>
            <param index="0">
              <value>
                <![CDATA[[TestResult name=testHomeLoanEMIDataExtraction status=SUCCESS method=LoanEMITest.testHomeLoanEMIDataExtraction()[pri:2, instance:com.loanemi.tests.LoanEMITest@7cbee484] output={null}]]]>
              </value>
            </param>
          </params>
          <reporter-output>
          </reporter-output>
        </test-method> <!-- captureResult -->
        <test-method signature="testOnlyEMICalculatorFields()[pri:3, instance:com.loanemi.tests.LoanEMITest@7cbee484]" started-at="2025-07-18T10:06:54 IST" name="testOnlyEMICalculatorFields" finished-at="2025-07-18T10:07:35 IST" duration-ms="41162" status="PASS">
          <reporter-output>
          </reporter-output>
        </test-method> <!-- testOnlyEMICalculatorFields -->
        <test-method is-config="true" signature="captureResult(org.testng.ITestResult)[pri:0, instance:com.loanemi.tests.LoanEMITest@7cbee484]" started-at="2025-07-18T10:07:35 IST" name="captureResult" finished-at="2025-07-18T10:07:35 IST" duration-ms="2" status="PASS">
          <params>
            <param index="0">
              <value>
                <![CDATA[[TestResult name=testOnlyEMICalculatorFields status=SUCCESS method=LoanEMITest.testOnlyEMICalculatorFields()[pri:3, instance:com.loanemi.tests.LoanEMITest@7cbee484] output={null}]]]>
              </value>
            </param>
          </params>
          <reporter-output>
          </reporter-output>
        </test-method> <!-- captureResult -->
        <test-method signature="testEMICalculatorUIValidation()[pri:4, instance:com.loanemi.tests.LoanEMITest@7cbee484]" started-at="2025-07-18T10:07:35 IST" name="testEMICalculatorUIValidation" finished-at="2025-07-18T10:08:15 IST" duration-ms="40067" status="PASS">
          <reporter-output>
          </reporter-output>
        </test-method> <!-- testEMICalculatorUIValidation -->
        <test-method is-config="true" signature="captureResult(org.testng.ITestResult)[pri:0, instance:com.loanemi.tests.LoanEMITest@7cbee484]" started-at="2025-07-18T10:08:15 IST" name="captureResult" finished-at="2025-07-18T10:08:15 IST" duration-ms="1" status="PASS">
          <params>
            <param index="0">
              <value>
                <![CDATA[[TestResult name=testEMICalculatorUIValidation status=SUCCESS method=LoanEMITest.testEMICalculatorUIValidation()[pri:4, instance:com.loanemi.tests.LoanEMITest@7cbee484] output={null}]]]>
              </value>
            </param>
          </params>
          <reporter-output>
          </reporter-output>
        </test-method> <!-- captureResult -->
        <test-method signature="testOnlyLoanAmountCalculatorFields()[pri:5, instance:com.loanemi.tests.LoanEMITest@7cbee484]" started-at="2025-07-18T10:08:15 IST" name="testOnlyLoanAmountCalculatorFields" finished-at="2025-07-18T10:08:56 IST" duration-ms="40915" status="PASS">
          <reporter-output>
          </reporter-output>
        </test-method> <!-- testOnlyLoanAmountCalculatorFields -->
        <test-method is-config="true" signature="captureResult(org.testng.ITestResult)[pri:0, instance:com.loanemi.tests.LoanEMITest@7cbee484]" started-at="2025-07-18T10:08:56 IST" name="captureResult" finished-at="2025-07-18T10:08:56 IST" duration-ms="2" status="PASS">
          <params>
            <param index="0">
              <value>
                <![CDATA[[TestResult name=testOnlyLoanAmountCalculatorFields status=SUCCESS method=LoanEMITest.testOnlyLoanAmountCalculatorFields()[pri:5, instance:com.loanemi.tests.LoanEMITest@7cbee484] output={null}]]]>
              </value>
            </param>
          </params>
          <reporter-output>
          </reporter-output>
        </test-method> <!-- captureResult -->
        <test-method signature="testLoanAmountCalculatorUIValidation()[pri:6, instance:com.loanemi.tests.LoanEMITest@7cbee484]" started-at="2025-07-18T10:08:56 IST" name="testLoanAmountCalculatorUIValidation" finished-at="2025-07-18T10:09:36 IST" duration-ms="40031" status="PASS">
          <reporter-output>
          </reporter-output>
        </test-method> <!-- testLoanAmountCalculatorUIValidation -->
        <test-method is-config="true" signature="captureResult(org.testng.ITestResult)[pri:0, instance:com.loanemi.tests.LoanEMITest@7cbee484]" started-at="2025-07-18T10:09:36 IST" name="captureResult" finished-at="2025-07-18T10:09:36 IST" duration-ms="1" status="PASS">
          <params>
            <param index="0">
              <value>
                <![CDATA[[TestResult name=testLoanAmountCalculatorUIValidation status=SUCCESS method=LoanEMITest.testLoanAmountCalculatorUIValidation()[pri:6, instance:com.loanemi.tests.LoanEMITest@7cbee484] output={null}]]]>
              </value>
            </param>
          </params>
          <reporter-output>
          </reporter-output>
        </test-method> <!-- captureResult -->
        <test-method signature="testOnlyLoanTenureCalculatorFields()[pri:7, instance:com.loanemi.tests.LoanEMITest@7cbee484]" started-at="2025-07-18T10:09:36 IST" name="testOnlyLoanTenureCalculatorFields" finished-at="2025-07-18T10:10:16 IST" duration-ms="40403" status="PASS">
          <reporter-output>
          </reporter-output>
        </test-method> <!-- testOnlyLoanTenureCalculatorFields -->
        <test-method is-config="true" signature="captureResult(org.testng.ITestResult)[pri:0, instance:com.loanemi.tests.LoanEMITest@7cbee484]" started-at="2025-07-18T10:10:16 IST" name="captureResult" finished-at="2025-07-18T10:10:16 IST" duration-ms="0" status="PASS">
          <params>
            <param index="0">
              <value>
                <![CDATA[[TestResult name=testOnlyLoanTenureCalculatorFields status=SUCCESS method=LoanEMITest.testOnlyLoanTenureCalculatorFields()[pri:7, instance:com.loanemi.tests.LoanEMITest@7cbee484] output={null}]]]>
              </value>
            </param>
          </params>
          <reporter-output>
          </reporter-output>
        </test-method> <!-- captureResult -->
        <test-method signature="testLoanTenureCalculatorUIValidation()[pri:8, instance:com.loanemi.tests.LoanEMITest@7cbee484]" started-at="2025-07-18T10:10:16 IST" name="testLoanTenureCalculatorUIValidation" finished-at="2025-07-18T10:10:56 IST" duration-ms="39739" status="PASS">
          <reporter-output>
          </reporter-output>
        </test-method> <!-- testLoanTenureCalculatorUIValidation -->
        <test-method is-config="true" signature="captureResult(org.testng.ITestResult)[pri:0, instance:com.loanemi.tests.LoanEMITest@7cbee484]" started-at="2025-07-18T10:10:56 IST" name="captureResult" finished-at="2025-07-18T10:10:56 IST" duration-ms="1" status="PASS">
          <params>
            <param index="0">
              <value>
                <![CDATA[[TestResult name=testLoanTenureCalculatorUIValidation status=SUCCESS method=LoanEMITest.testLoanTenureCalculatorUIValidation()[pri:8, instance:com.loanemi.tests.LoanEMITest@7cbee484] output={null}]]]>
              </value>
            </param>
          </params>
          <reporter-output>
          </reporter-output>
        </test-method> <!-- captureResult -->
        <test-method signature="testOnlyInterestRateCalculatorFields()[pri:9, instance:com.loanemi.tests.LoanEMITest@7cbee484]" started-at="2025-07-18T10:10:56 IST" name="testOnlyInterestRateCalculatorFields" finished-at="2025-07-18T10:11:37 IST" duration-ms="40605" status="PASS">
          <reporter-output>
          </reporter-output>
        </test-method> <!-- testOnlyInterestRateCalculatorFields -->
        <test-method is-config="true" signature="captureResult(org.testng.ITestResult)[pri:0, instance:com.loanemi.tests.LoanEMITest@7cbee484]" started-at="2025-07-18T10:11:37 IST" name="captureResult" finished-at="2025-07-18T10:11:37 IST" duration-ms="1" status="PASS">
          <params>
            <param index="0">
              <value>
                <![CDATA[[TestResult name=testOnlyInterestRateCalculatorFields status=SUCCESS method=LoanEMITest.testOnlyInterestRateCalculatorFields()[pri:9, instance:com.loanemi.tests.LoanEMITest@7cbee484] output={null}]]]>
              </value>
            </param>
          </params>
          <reporter-output>
          </reporter-output>
        </test-method> <!-- captureResult -->
        <test-method signature="testInterestRateCalculatorUIValidation()[pri:10, instance:com.loanemi.tests.LoanEMITest@7cbee484]" started-at="2025-07-18T10:11:37 IST" name="testInterestRateCalculatorUIValidation" finished-at="2025-07-18T10:12:16 IST" duration-ms="39962" status="PASS">
          <reporter-output>
          </reporter-output>
        </test-method> <!-- testInterestRateCalculatorUIValidation -->
        <test-method is-config="true" signature="captureResult(org.testng.ITestResult)[pri:0, instance:com.loanemi.tests.LoanEMITest@7cbee484]" started-at="2025-07-18T10:12:16 IST" name="captureResult" finished-at="2025-07-18T10:12:16 IST" duration-ms="2" status="PASS">
          <params>
            <param index="0">
              <value>
                <![CDATA[[TestResult name=testInterestRateCalculatorUIValidation status=SUCCESS method=LoanEMITest.testInterestRateCalculatorUIValidation()[pri:10, instance:com.loanemi.tests.LoanEMITest@7cbee484] output={null}]]]>
              </value>
            </param>
          </params>
          <reporter-output>
          </reporter-output>
        </test-method> <!-- captureResult -->
        <test-method signature="testCreditCardEMICalculatorCalculation()[pri:11, instance:com.loanemi.tests.LoanEMITest@7cbee484]" started-at="2025-07-18T10:12:16 IST" name="testCreditCardEMICalculatorCalculation" finished-at="2025-07-18T10:13:07 IST" duration-ms="50332" status="PASS">
          <reporter-output>
          </reporter-output>
        </test-method> <!-- testCreditCardEMICalculatorCalculation -->
        <test-method is-config="true" signature="captureResult(org.testng.ITestResult)[pri:0, instance:com.loanemi.tests.LoanEMITest@7cbee484]" started-at="2025-07-18T10:13:07 IST" name="captureResult" finished-at="2025-07-18T10:13:07 IST" duration-ms="1" status="PASS">
          <params>
            <param index="0">
              <value>
                <![CDATA[[TestResult name=testCreditCardEMICalculatorCalculation status=SUCCESS method=LoanEMITest.testCreditCardEMICalculatorCalculation()[pri:11, instance:com.loanemi.tests.LoanEMITest@7cbee484] output={null}]]]>
              </value>
            </param>
          </params>
          <reporter-output>
          </reporter-output>
        </test-method> <!-- captureResult -->
        <test-method is-config="true" signature="tearDown()[pri:0, instance:com.loanemi.tests.LoanEMITest@7cbee484]" started-at="2025-07-18T10:13:07 IST" name="tearDown" finished-at="2025-07-18T10:13:17 IST" duration-ms="10112" status="PASS">
          <reporter-output>
          </reporter-output>
        </test-method> <!-- tearDown -->
      </class> <!-- com.loanemi.tests.LoanEMITest -->
    </test> <!-- TestNG - Edge -->
    <test started-at="2025-07-18T10:05:02 IST" name="TestNG - Chrome" finished-at="2025-07-18T10:13:17 IST" duration-ms="495537">
      <class name="com.loanemi.tests.LoanEMITest">
        <test-method is-config="true" signature="setUp(java.lang.String)[pri:0, instance:com.loanemi.tests.LoanEMITest@72f46e16]" started-at="2025-07-18T10:05:02 IST" name="setUp" finished-at="2025-07-18T10:05:54 IST" duration-ms="52633" status="PASS">
          <params>
            <param index="0">
              <value>
                <![CDATA[chrome]]>
              </value>
            </param>
          </params>
          <reporter-output>
          </reporter-output>
        </test-method> <!-- setUp -->
        <test-method signature="testCarLoanEMICalculation()[pri:1, instance:com.loanemi.tests.LoanEMITest@72f46e16]" started-at="2025-07-18T10:05:54 IST" name="testCarLoanEMICalculation" finished-at="2025-07-18T10:05:55 IST" duration-ms="1000" status="PASS">
          <reporter-output>
          </reporter-output>
        </test-method> <!-- testCarLoanEMICalculation -->
        <test-method is-config="true" signature="captureResult(org.testng.ITestResult)[pri:0, instance:com.loanemi.tests.LoanEMITest@72f46e16]" started-at="2025-07-18T10:05:55 IST" name="captureResult" finished-at="2025-07-18T10:05:55 IST" duration-ms="2" status="PASS">
          <params>
            <param index="0">
              <value>
                <![CDATA[[TestResult name=testCarLoanEMICalculation status=SUCCESS method=LoanEMITest.testCarLoanEMICalculation()[pri:1, instance:com.loanemi.tests.LoanEMITest@72f46e16] output={null}]]]>
              </value>
            </param>
          </params>
          <reporter-output>
          </reporter-output>
        </test-method> <!-- captureResult -->
        <test-method signature="testHomeLoanEMIDataExtraction()[pri:2, instance:com.loanemi.tests.LoanEMITest@72f46e16]" started-at="2025-07-18T10:05:55 IST" name="testHomeLoanEMIDataExtraction" finished-at="2025-07-18T10:06:57 IST" duration-ms="61851" status="PASS">
          <reporter-output>
          </reporter-output>
        </test-method> <!-- testHomeLoanEMIDataExtraction -->
        <test-method is-config="true" signature="captureResult(org.testng.ITestResult)[pri:0, instance:com.loanemi.tests.LoanEMITest@72f46e16]" started-at="2025-07-18T10:06:57 IST" name="captureResult" finished-at="2025-07-18T10:06:57 IST" duration-ms="1" status="PASS">
          <params>
            <param index="0">
              <value>
                <![CDATA[[TestResult name=testHomeLoanEMIDataExtraction status=SUCCESS method=LoanEMITest.testHomeLoanEMIDataExtraction()[pri:2, instance:com.loanemi.tests.LoanEMITest@72f46e16] output={null}]]]>
              </value>
            </param>
          </params>
          <reporter-output>
          </reporter-output>
        </test-method> <!-- captureResult -->
        <test-method signature="testOnlyEMICalculatorFields()[pri:3, instance:com.loanemi.tests.LoanEMITest@72f46e16]" started-at="2025-07-18T10:06:57 IST" name="testOnlyEMICalculatorFields" finished-at="2025-07-18T10:07:38 IST" duration-ms="40584" status="PASS">
          <reporter-output>
          </reporter-output>
        </test-method> <!-- testOnlyEMICalculatorFields -->
        <test-method is-config="true" signature="captureResult(org.testng.ITestResult)[pri:0, instance:com.loanemi.tests.LoanEMITest@72f46e16]" started-at="2025-07-18T10:07:38 IST" name="captureResult" finished-at="2025-07-18T10:07:38 IST" duration-ms="1" status="PASS">
          <params>
            <param index="0">
              <value>
                <![CDATA[[TestResult name=testOnlyEMICalculatorFields status=SUCCESS method=LoanEMITest.testOnlyEMICalculatorFields()[pri:3, instance:com.loanemi.tests.LoanEMITest@72f46e16] output={null}]]]>
              </value>
            </param>
          </params>
          <reporter-output>
          </reporter-output>
        </test-method> <!-- captureResult -->
        <test-method signature="testEMICalculatorUIValidation()[pri:4, instance:com.loanemi.tests.LoanEMITest@72f46e16]" started-at="2025-07-18T10:07:38 IST" name="testEMICalculatorUIValidation" finished-at="2025-07-18T10:08:18 IST" duration-ms="39733" status="PASS">
          <reporter-output>
          </reporter-output>
        </test-method> <!-- testEMICalculatorUIValidation -->
        <test-method is-config="true" signature="captureResult(org.testng.ITestResult)[pri:0, instance:com.loanemi.tests.LoanEMITest@72f46e16]" started-at="2025-07-18T10:08:18 IST" name="captureResult" finished-at="2025-07-18T10:08:18 IST" duration-ms="0" status="PASS">
          <params>
            <param index="0">
              <value>
                <![CDATA[[TestResult name=testEMICalculatorUIValidation status=SUCCESS method=LoanEMITest.testEMICalculatorUIValidation()[pri:4, instance:com.loanemi.tests.LoanEMITest@72f46e16] output={null}]]]>
              </value>
            </param>
          </params>
          <reporter-output>
          </reporter-output>
        </test-method> <!-- captureResult -->
        <test-method signature="testOnlyLoanAmountCalculatorFields()[pri:5, instance:com.loanemi.tests.LoanEMITest@72f46e16]" started-at="2025-07-18T10:08:18 IST" name="testOnlyLoanAmountCalculatorFields" finished-at="2025-07-18T10:08:59 IST" duration-ms="41328" status="PASS">
          <reporter-output>
          </reporter-output>
        </test-method> <!-- testOnlyLoanAmountCalculatorFields -->
        <test-method is-config="true" signature="captureResult(org.testng.ITestResult)[pri:0, instance:com.loanemi.tests.LoanEMITest@72f46e16]" started-at="2025-07-18T10:08:59 IST" name="captureResult" finished-at="2025-07-18T10:08:59 IST" duration-ms="2" status="PASS">
          <params>
            <param index="0">
              <value>
                <![CDATA[[TestResult name=testOnlyLoanAmountCalculatorFields status=SUCCESS method=LoanEMITest.testOnlyLoanAmountCalculatorFields()[pri:5, instance:com.loanemi.tests.LoanEMITest@72f46e16] output={null}]]]>
              </value>
            </param>
          </params>
          <reporter-output>
          </reporter-output>
        </test-method> <!-- captureResult -->
        <test-method signature="testLoanAmountCalculatorUIValidation()[pri:6, instance:com.loanemi.tests.LoanEMITest@72f46e16]" started-at="2025-07-18T10:08:59 IST" name="testLoanAmountCalculatorUIValidation" finished-at="2025-07-18T10:09:39 IST" duration-ms="39916" status="PASS">
          <reporter-output>
          </reporter-output>
        </test-method> <!-- testLoanAmountCalculatorUIValidation -->
        <test-method is-config="true" signature="captureResult(org.testng.ITestResult)[pri:0, instance:com.loanemi.tests.LoanEMITest@72f46e16]" started-at="2025-07-18T10:09:39 IST" name="captureResult" finished-at="2025-07-18T10:09:39 IST" duration-ms="1" status="PASS">
          <params>
            <param index="0">
              <value>
                <![CDATA[[TestResult name=testLoanAmountCalculatorUIValidation status=SUCCESS method=LoanEMITest.testLoanAmountCalculatorUIValidation()[pri:6, instance:com.loanemi.tests.LoanEMITest@72f46e16] output={null}]]]>
              </value>
            </param>
          </params>
          <reporter-output>
          </reporter-output>
        </test-method> <!-- captureResult -->
        <test-method signature="testOnlyLoanTenureCalculatorFields()[pri:7, instance:com.loanemi.tests.LoanEMITest@72f46e16]" started-at="2025-07-18T10:09:39 IST" name="testOnlyLoanTenureCalculatorFields" finished-at="2025-07-18T10:10:19 IST" duration-ms="39791" status="PASS">
          <reporter-output>
          </reporter-output>
        </test-method> <!-- testOnlyLoanTenureCalculatorFields -->
        <test-method is-config="true" signature="captureResult(org.testng.ITestResult)[pri:0, instance:com.loanemi.tests.LoanEMITest@72f46e16]" started-at="2025-07-18T10:10:19 IST" name="captureResult" finished-at="2025-07-18T10:10:19 IST" duration-ms="1" status="PASS">
          <params>
            <param index="0">
              <value>
                <![CDATA[[TestResult name=testOnlyLoanTenureCalculatorFields status=SUCCESS method=LoanEMITest.testOnlyLoanTenureCalculatorFields()[pri:7, instance:com.loanemi.tests.LoanEMITest@72f46e16] output={null}]]]>
              </value>
            </param>
          </params>
          <reporter-output>
          </reporter-output>
        </test-method> <!-- captureResult -->
        <test-method signature="testLoanTenureCalculatorUIValidation()[pri:8, instance:com.loanemi.tests.LoanEMITest@72f46e16]" started-at="2025-07-18T10:10:19 IST" name="testLoanTenureCalculatorUIValidation" finished-at="2025-07-18T10:10:58 IST" duration-ms="39676" status="PASS">
          <reporter-output>
          </reporter-output>
        </test-method> <!-- testLoanTenureCalculatorUIValidation -->
        <test-method is-config="true" signature="captureResult(org.testng.ITestResult)[pri:0, instance:com.loanemi.tests.LoanEMITest@72f46e16]" started-at="2025-07-18T10:10:58 IST" name="captureResult" finished-at="2025-07-18T10:10:58 IST" duration-ms="1" status="PASS">
          <params>
            <param index="0">
              <value>
                <![CDATA[[TestResult name=testLoanTenureCalculatorUIValidation status=SUCCESS method=LoanEMITest.testLoanTenureCalculatorUIValidation()[pri:8, instance:com.loanemi.tests.LoanEMITest@72f46e16] output={null}]]]>
              </value>
            </param>
          </params>
          <reporter-output>
          </reporter-output>
        </test-method> <!-- captureResult -->
        <test-method signature="testOnlyInterestRateCalculatorFields()[pri:9, instance:com.loanemi.tests.LoanEMITest@72f46e16]" started-at="2025-07-18T10:10:58 IST" name="testOnlyInterestRateCalculatorFields" finished-at="2025-07-18T10:11:38 IST" duration-ms="40026" status="PASS">
          <reporter-output>
          </reporter-output>
        </test-method> <!-- testOnlyInterestRateCalculatorFields -->
        <test-method is-config="true" signature="captureResult(org.testng.ITestResult)[pri:0, instance:com.loanemi.tests.LoanEMITest@72f46e16]" started-at="2025-07-18T10:11:38 IST" name="captureResult" finished-at="2025-07-18T10:11:38 IST" duration-ms="2" status="PASS">
          <params>
            <param index="0">
              <value>
                <![CDATA[[TestResult name=testOnlyInterestRateCalculatorFields status=SUCCESS method=LoanEMITest.testOnlyInterestRateCalculatorFields()[pri:9, instance:com.loanemi.tests.LoanEMITest@72f46e16] output={null}]]]>
              </value>
            </param>
          </params>
          <reporter-output>
          </reporter-output>
        </test-method> <!-- captureResult -->
        <test-method signature="testInterestRateCalculatorUIValidation()[pri:10, instance:com.loanemi.tests.LoanEMITest@72f46e16]" started-at="2025-07-18T10:11:38 IST" name="testInterestRateCalculatorUIValidation" finished-at="2025-07-18T10:12:18 IST" duration-ms="39557" status="PASS">
          <reporter-output>
          </reporter-output>
        </test-method> <!-- testInterestRateCalculatorUIValidation -->
        <test-method is-config="true" signature="captureResult(org.testng.ITestResult)[pri:0, instance:com.loanemi.tests.LoanEMITest@72f46e16]" started-at="2025-07-18T10:12:18 IST" name="captureResult" finished-at="2025-07-18T10:12:18 IST" duration-ms="9" status="PASS">
          <params>
            <param index="0">
              <value>
                <![CDATA[[TestResult name=testInterestRateCalculatorUIValidation status=SUCCESS method=LoanEMITest.testInterestRateCalculatorUIValidation()[pri:10, instance:com.loanemi.tests.LoanEMITest@72f46e16] output={null}]]]>
              </value>
            </param>
          </params>
          <reporter-output>
          </reporter-output>
        </test-method> <!-- captureResult -->
        <test-method signature="testCreditCardEMICalculatorCalculation()[pri:11, instance:com.loanemi.tests.LoanEMITest@72f46e16]" started-at="2025-07-18T10:12:18 IST" name="testCreditCardEMICalculatorCalculation" finished-at="2025-07-18T10:12:57 IST" duration-ms="39500" status="PASS">
          <reporter-output>
          </reporter-output>
        </test-method> <!-- testCreditCardEMICalculatorCalculation -->
        <test-method is-config="true" signature="captureResult(org.testng.ITestResult)[pri:0, instance:com.loanemi.tests.LoanEMITest@72f46e16]" started-at="2025-07-18T10:12:57 IST" name="captureResult" finished-at="2025-07-18T10:12:57 IST" duration-ms="0" status="PASS">
          <params>
            <param index="0">
              <value>
                <![CDATA[[TestResult name=testCreditCardEMICalculatorCalculation status=SUCCESS method=LoanEMITest.testCreditCardEMICalculatorCalculation()[pri:11, instance:com.loanemi.tests.LoanEMITest@72f46e16] output={null}]]]>
              </value>
            </param>
          </params>
          <reporter-output>
          </reporter-output>
        </test-method> <!-- captureResult -->
        <test-method is-config="true" signature="tearDown()[pri:0, instance:com.loanemi.tests.LoanEMITest@72f46e16]" started-at="2025-07-18T10:12:57 IST" name="tearDown" finished-at="2025-07-18T10:13:17 IST" duration-ms="19797" status="PASS">
          <reporter-output>
          </reporter-output>
        </test-method> <!-- tearDown -->
      </class> <!-- com.loanemi.tests.LoanEMITest -->
    </test> <!-- TestNG - Chrome -->
    <test started-at="2025-07-18T10:05:02 IST" name="Cucumber - Chrome" finished-at="2025-07-18T10:20:42 IST" duration-ms="940128">
      <class name="com.loanemi.runner.TestRunner">
        <test-method is-config="true" signature="setUpClass(org.testng.ITestContext)[pri:0, instance:com.loanemi.runner.TestRunner@5e77f0f4]" started-at="2025-07-18T10:05:02 IST" name="setUpClass" finished-at="2025-07-18T10:05:03 IST" duration-ms="1177" status="PASS">
          <params>
            <param index="0">
              <value>
                <![CDATA[org.testng.TestRunner@4628b1d3]]>
              </value>
            </param>
          </params>
          <reporter-output>
          </reporter-output>
        </test-method> <!-- setUpClass -->
        <test-method is-config="true" signature="setUp(java.lang.String)[pri:0, instance:com.loanemi.runner.TestRunner@5e77f0f4]" started-at="2025-07-18T10:05:03 IST" name="setUp" finished-at="2025-07-18T10:05:03 IST" duration-ms="4" status="PASS">
          <params>
            <param index="0">
              <value>
                <![CDATA[chrome]]>
              </value>
            </param>
          </params>
          <reporter-output>
          </reporter-output>
        </test-method> <!-- setUp -->
        <test-method signature="runScenario(io.cucumber.testng.PickleWrapper,io.cucumber.testng.FeatureWrapper)[pri:0, instance:com.loanemi.runner.TestRunner@5e77f0f4]" started-at="2025-07-18T10:05:03 IST" name="runScenario" description="Runs Cucumber Scenarios" data-provider="scenarios" finished-at="2025-07-18T10:05:57 IST" duration-ms="53603" status="PASS">
          <params>
            <param index="0">
              <value>
                <![CDATA["Validate Car Loan EMI"]]>
              </value>
            </param>
            <param index="1">
              <value>
                <![CDATA["Car Loan EMI Calculation"]]>
              </value>
            </param>
          </params>
          <reporter-output>
          </reporter-output>
        </test-method> <!-- runScenario -->
        <test-method signature="runScenario(io.cucumber.testng.PickleWrapper,io.cucumber.testng.FeatureWrapper)[pri:0, instance:com.loanemi.runner.TestRunner@5e77f0f4]" started-at="2025-07-18T10:05:57 IST" name="runScenario" description="Runs Cucumber Scenarios" data-provider="scenarios" finished-at="2025-07-18T10:07:47 IST" duration-ms="110713" status="PASS">
          <params>
            <param index="0">
              <value>
                <![CDATA["Extract Home Loan EMI and Amortization Table"]]>
              </value>
            </param>
            <param index="1">
              <value>
                <![CDATA["Home Loan EMI Data Extraction"]]>
              </value>
            </param>
          </params>
          <reporter-output>
          </reporter-output>
        </test-method> <!-- runScenario -->
        <test-method signature="runScenario(io.cucumber.testng.PickleWrapper,io.cucumber.testng.FeatureWrapper)[pri:0, instance:com.loanemi.runner.TestRunner@5e77f0f4]" started-at="2025-07-18T10:07:47 IST" name="runScenario" description="Runs Cucumber Scenarios" data-provider="scenarios" finished-at="2025-07-18T10:09:13 IST" duration-ms="85751" status="PASS">
          <params>
            <param index="0">
              <value>
                <![CDATA["Validate EMI Calculator Fields and Sliders"]]>
              </value>
            </param>
            <param index="1">
              <value>
                <![CDATA["EMI Calculator Field and Slider Validation"]]>
              </value>
            </param>
          </params>
          <reporter-output>
          </reporter-output>
        </test-method> <!-- runScenario -->
        <test-method signature="runScenario(io.cucumber.testng.PickleWrapper,io.cucumber.testng.FeatureWrapper)[pri:0, instance:com.loanemi.runner.TestRunner@5e77f0f4]" started-at="2025-07-18T10:09:13 IST" name="runScenario" description="Runs Cucumber Scenarios" data-provider="scenarios" finished-at="2025-07-18T10:10:38 IST" duration-ms="84627" status="PASS">
          <params>
            <param index="0">
              <value>
                <![CDATA["Validate EMI Calculator Results and Summary"]]>
              </value>
            </param>
            <param index="1">
              <value>
                <![CDATA["EMI Calculator UI Validation"]]>
              </value>
            </param>
          </params>
          <reporter-output>
          </reporter-output>
        </test-method> <!-- runScenario -->
        <test-method signature="runScenario(io.cucumber.testng.PickleWrapper,io.cucumber.testng.FeatureWrapper)[pri:0, instance:com.loanemi.runner.TestRunner@5e77f0f4]" started-at="2025-07-18T10:10:38 IST" name="runScenario" description="Runs Cucumber Scenarios" data-provider="scenarios" finished-at="2025-07-18T10:12:03 IST" duration-ms="85699" status="PASS">
          <params>
            <param index="0">
              <value>
                <![CDATA["Validate Loan Amount Fields and Sliders"]]>
              </value>
            </param>
            <param index="1">
              <value>
                <![CDATA["Loan Amount Calculator Field and Slider Validation"]]>
              </value>
            </param>
          </params>
          <reporter-output>
          </reporter-output>
        </test-method> <!-- runScenario -->
        <test-method signature="runScenario(io.cucumber.testng.PickleWrapper,io.cucumber.testng.FeatureWrapper)[pri:0, instance:com.loanemi.runner.TestRunner@5e77f0f4]" started-at="2025-07-18T10:12:03 IST" name="runScenario" description="Runs Cucumber Scenarios" data-provider="scenarios" finished-at="2025-07-18T10:13:27 IST" duration-ms="83706" status="PASS">
          <params>
            <param index="0">
              <value>
                <![CDATA["Validate Loan Amount Results and Summary"]]>
              </value>
            </param>
            <param index="1">
              <value>
                <![CDATA["Loan Amount Calculator UI Validation"]]>
              </value>
            </param>
          </params>
          <reporter-output>
          </reporter-output>
        </test-method> <!-- runScenario -->
        <test-method signature="runScenario(io.cucumber.testng.PickleWrapper,io.cucumber.testng.FeatureWrapper)[pri:0, instance:com.loanemi.runner.TestRunner@5e77f0f4]" started-at="2025-07-18T10:13:27 IST" name="runScenario" description="Runs Cucumber Scenarios" data-provider="scenarios" finished-at="2025-07-18T10:14:53 IST" duration-ms="85574" status="PASS">
          <params>
            <param index="0">
              <value>
                <![CDATA["Validate Loan Tenure Fields and Sliders"]]>
              </value>
            </param>
            <param index="1">
              <value>
                <![CDATA["Loan Tenure Calculator Field and Slider Validation"]]>
              </value>
            </param>
          </params>
          <reporter-output>
          </reporter-output>
        </test-method> <!-- runScenario -->
        <test-method signature="runScenario(io.cucumber.testng.PickleWrapper,io.cucumber.testng.FeatureWrapper)[pri:0, instance:com.loanemi.runner.TestRunner@5e77f0f4]" started-at="2025-07-18T10:14:53 IST" name="runScenario" description="Runs Cucumber Scenarios" data-provider="scenarios" finished-at="2025-07-18T10:16:17 IST" duration-ms="84059" status="PASS">
          <params>
            <param index="0">
              <value>
                <![CDATA["Validate Loan Tenure Summary"]]>
              </value>
            </param>
            <param index="1">
              <value>
                <![CDATA["Loan Tenure Calculator UI Validation"]]>
              </value>
            </param>
          </params>
          <reporter-output>
          </reporter-output>
        </test-method> <!-- runScenario -->
        <test-method signature="runScenario(io.cucumber.testng.PickleWrapper,io.cucumber.testng.FeatureWrapper)[pri:0, instance:com.loanemi.runner.TestRunner@5e77f0f4]" started-at="2025-07-18T10:16:17 IST" name="runScenario" description="Runs Cucumber Scenarios" data-provider="scenarios" finished-at="2025-07-18T10:17:52 IST" duration-ms="95630" status="PASS">
          <params>
            <param index="0">
              <value>
                <![CDATA["Validate Interest Rate Fields and Sliders"]]>
              </value>
            </param>
            <param index="1">
              <value>
                <![CDATA["Interest Rate Calculator Field and Slider Validation"]]>
              </value>
            </param>
          </params>
          <reporter-output>
          </reporter-output>
        </test-method> <!-- runScenario -->
        <test-method signature="runScenario(io.cucumber.testng.PickleWrapper,io.cucumber.testng.FeatureWrapper)[pri:0, instance:com.loanemi.runner.TestRunner@5e77f0f4]" started-at="2025-07-18T10:17:52 IST" name="runScenario" description="Runs Cucumber Scenarios" data-provider="scenarios" finished-at="2025-07-18T10:19:17 IST" duration-ms="85113" status="PASS">
          <params>
            <param index="0">
              <value>
                <![CDATA["Validate Interest Rate Summary"]]>
              </value>
            </param>
            <param index="1">
              <value>
                <![CDATA["Interest Rate Calculator UI Validation"]]>
              </value>
            </param>
          </params>
          <reporter-output>
          </reporter-output>
        </test-method> <!-- runScenario -->
        <test-method signature="runScenario(io.cucumber.testng.PickleWrapper,io.cucumber.testng.FeatureWrapper)[pri:0, instance:com.loanemi.runner.TestRunner@5e77f0f4]" started-at="2025-07-18T10:19:17 IST" name="runScenario" description="Runs Cucumber Scenarios" data-provider="scenarios" finished-at="2025-07-18T10:20:42 IST" duration-ms="84313" status="PASS">
          <params>
            <param index="0">
              <value>
                <![CDATA["Validate Credit Card EMI"]]>
              </value>
            </param>
            <param index="1">
              <value>
                <![CDATA["Credit Card EMI Calculation"]]>
              </value>
            </param>
          </params>
          <reporter-output>
          </reporter-output>
        </test-method> <!-- runScenario -->
        <test-method is-config="true" signature="tearDownClass()[pri:0, instance:com.loanemi.runner.TestRunner@5e77f0f4]" started-at="2025-07-18T10:20:42 IST" name="tearDownClass" finished-at="2025-07-18T10:20:42 IST" duration-ms="64" status="PASS">
          <reporter-output>
          </reporter-output>
        </test-method> <!-- tearDownClass -->
      </class> <!-- com.loanemi.runner.TestRunner -->
    </test> <!-- Cucumber - Chrome -->
    <test started-at="2025-07-18T10:05:02 IST" name="Cucumber - Edge" finished-at="2025-07-18T10:20:51 IST" duration-ms="949347">
      <class name="com.loanemi.runner.TestRunner">
        <test-method is-config="true" signature="setUpClass(org.testng.ITestContext)[pri:0, instance:com.loanemi.runner.TestRunner@4816c290]" started-at="2025-07-18T10:05:02 IST" name="setUpClass" finished-at="2025-07-18T10:05:03 IST" duration-ms="1176" status="PASS">
          <params>
            <param index="0">
              <value>
                <![CDATA[org.testng.TestRunner@77cf3f8b]]>
              </value>
            </param>
          </params>
          <reporter-output>
          </reporter-output>
        </test-method> <!-- setUpClass -->
        <test-method is-config="true" signature="setUp(java.lang.String)[pri:0, instance:com.loanemi.runner.TestRunner@4816c290]" started-at="2025-07-18T10:05:03 IST" name="setUp" finished-at="2025-07-18T10:05:03 IST" duration-ms="4" status="PASS">
          <params>
            <param index="0">
              <value>
                <![CDATA[MicrosoftEdge]]>
              </value>
            </param>
          </params>
          <reporter-output>
          </reporter-output>
        </test-method> <!-- setUp -->
        <test-method signature="runScenario(io.cucumber.testng.PickleWrapper,io.cucumber.testng.FeatureWrapper)[pri:0, instance:com.loanemi.runner.TestRunner@4816c290]" started-at="2025-07-18T10:05:03 IST" name="runScenario" description="Runs Cucumber Scenarios" data-provider="scenarios" finished-at="2025-07-18T10:05:55 IST" duration-ms="52249" status="PASS">
          <params>
            <param index="0">
              <value>
                <![CDATA["Validate Car Loan EMI"]]>
              </value>
            </param>
            <param index="1">
              <value>
                <![CDATA["Car Loan EMI Calculation"]]>
              </value>
            </param>
          </params>
          <reporter-output>
          </reporter-output>
        </test-method> <!-- runScenario -->
        <test-method signature="runScenario(io.cucumber.testng.PickleWrapper,io.cucumber.testng.FeatureWrapper)[pri:0, instance:com.loanemi.runner.TestRunner@4816c290]" started-at="2025-07-18T10:05:55 IST" name="runScenario" description="Runs Cucumber Scenarios" data-provider="scenarios" finished-at="2025-07-18T10:07:47 IST" duration-ms="112064" status="PASS">
          <params>
            <param index="0">
              <value>
                <![CDATA["Extract Home Loan EMI and Amortization Table"]]>
              </value>
            </param>
            <param index="1">
              <value>
                <![CDATA["Home Loan EMI Data Extraction"]]>
              </value>
            </param>
          </params>
          <reporter-output>
          </reporter-output>
        </test-method> <!-- runScenario -->
        <test-method signature="runScenario(io.cucumber.testng.PickleWrapper,io.cucumber.testng.FeatureWrapper)[pri:0, instance:com.loanemi.runner.TestRunner@4816c290]" started-at="2025-07-18T10:07:47 IST" name="runScenario" description="Runs Cucumber Scenarios" data-provider="scenarios" finished-at="2025-07-18T10:09:14 IST" duration-ms="86781" status="PASS">
          <params>
            <param index="0">
              <value>
                <![CDATA["Validate EMI Calculator Fields and Sliders"]]>
              </value>
            </param>
            <param index="1">
              <value>
                <![CDATA["EMI Calculator Field and Slider Validation"]]>
              </value>
            </param>
          </params>
          <reporter-output>
          </reporter-output>
        </test-method> <!-- runScenario -->
        <test-method signature="runScenario(io.cucumber.testng.PickleWrapper,io.cucumber.testng.FeatureWrapper)[pri:0, instance:com.loanemi.runner.TestRunner@4816c290]" started-at="2025-07-18T10:09:14 IST" name="runScenario" description="Runs Cucumber Scenarios" data-provider="scenarios" finished-at="2025-07-18T10:10:40 IST" duration-ms="86370" status="PASS">
          <params>
            <param index="0">
              <value>
                <![CDATA["Validate EMI Calculator Results and Summary"]]>
              </value>
            </param>
            <param index="1">
              <value>
                <![CDATA["EMI Calculator UI Validation"]]>
              </value>
            </param>
          </params>
          <reporter-output>
          </reporter-output>
        </test-method> <!-- runScenario -->
        <test-method signature="runScenario(io.cucumber.testng.PickleWrapper,io.cucumber.testng.FeatureWrapper)[pri:0, instance:com.loanemi.runner.TestRunner@4816c290]" started-at="2025-07-18T10:10:40 IST" name="runScenario" description="Runs Cucumber Scenarios" data-provider="scenarios" finished-at="2025-07-18T10:12:07 IST" duration-ms="86399" status="PASS">
          <params>
            <param index="0">
              <value>
                <![CDATA["Validate Loan Amount Fields and Sliders"]]>
              </value>
            </param>
            <param index="1">
              <value>
                <![CDATA["Loan Amount Calculator Field and Slider Validation"]]>
              </value>
            </param>
          </params>
          <reporter-output>
          </reporter-output>
        </test-method> <!-- runScenario -->
        <test-method signature="runScenario(io.cucumber.testng.PickleWrapper,io.cucumber.testng.FeatureWrapper)[pri:0, instance:com.loanemi.runner.TestRunner@4816c290]" started-at="2025-07-18T10:12:07 IST" name="runScenario" description="Runs Cucumber Scenarios" data-provider="scenarios" finished-at="2025-07-18T10:13:33 IST" duration-ms="85754" status="PASS">
          <params>
            <param index="0">
              <value>
                <![CDATA["Validate Loan Amount Results and Summary"]]>
              </value>
            </param>
            <param index="1">
              <value>
                <![CDATA["Loan Amount Calculator UI Validation"]]>
              </value>
            </param>
          </params>
          <reporter-output>
          </reporter-output>
        </test-method> <!-- runScenario -->
        <test-method signature="runScenario(io.cucumber.testng.PickleWrapper,io.cucumber.testng.FeatureWrapper)[pri:0, instance:com.loanemi.runner.TestRunner@4816c290]" started-at="2025-07-18T10:13:33 IST" name="runScenario" description="Runs Cucumber Scenarios" data-provider="scenarios" finished-at="2025-07-18T10:15:01 IST" duration-ms="88129" status="PASS">
          <params>
            <param index="0">
              <value>
                <![CDATA["Validate Loan Tenure Fields and Sliders"]]>
              </value>
            </param>
            <param index="1">
              <value>
                <![CDATA["Loan Tenure Calculator Field and Slider Validation"]]>
              </value>
            </param>
          </params>
          <reporter-output>
          </reporter-output>
        </test-method> <!-- runScenario -->
        <test-method signature="runScenario(io.cucumber.testng.PickleWrapper,io.cucumber.testng.FeatureWrapper)[pri:0, instance:com.loanemi.runner.TestRunner@4816c290]" started-at="2025-07-18T10:15:01 IST" name="runScenario" description="Runs Cucumber Scenarios" data-provider="scenarios" finished-at="2025-07-18T10:16:26 IST" duration-ms="84902" status="PASS">
          <params>
            <param index="0">
              <value>
                <![CDATA["Validate Loan Tenure Summary"]]>
              </value>
            </param>
            <param index="1">
              <value>
                <![CDATA["Loan Tenure Calculator UI Validation"]]>
              </value>
            </param>
          </params>
          <reporter-output>
          </reporter-output>
        </test-method> <!-- runScenario -->
        <test-method signature="runScenario(io.cucumber.testng.PickleWrapper,io.cucumber.testng.FeatureWrapper)[pri:0, instance:com.loanemi.runner.TestRunner@4816c290]" started-at="2025-07-18T10:16:26 IST" name="runScenario" description="Runs Cucumber Scenarios" data-provider="scenarios" finished-at="2025-07-18T10:17:56 IST" duration-ms="89954" status="PASS">
          <params>
            <param index="0">
              <value>
                <![CDATA["Validate Interest Rate Fields and Sliders"]]>
              </value>
            </param>
            <param index="1">
              <value>
                <![CDATA["Interest Rate Calculator Field and Slider Validation"]]>
              </value>
            </param>
          </params>
          <reporter-output>
          </reporter-output>
        </test-method> <!-- runScenario -->
        <test-method signature="runScenario(io.cucumber.testng.PickleWrapper,io.cucumber.testng.FeatureWrapper)[pri:0, instance:com.loanemi.runner.TestRunner@4816c290]" started-at="2025-07-18T10:17:56 IST" name="runScenario" description="Runs Cucumber Scenarios" data-provider="scenarios" finished-at="2025-07-18T10:19:25 IST" duration-ms="89196" status="PASS">
          <params>
            <param index="0">
              <value>
                <![CDATA["Validate Interest Rate Summary"]]>
              </value>
            </param>
            <param index="1">
              <value>
                <![CDATA["Interest Rate Calculator UI Validation"]]>
              </value>
            </param>
          </params>
          <reporter-output>
          </reporter-output>
        </test-method> <!-- runScenario -->
        <test-method signature="runScenario(io.cucumber.testng.PickleWrapper,io.cucumber.testng.FeatureWrapper)[pri:0, instance:com.loanemi.runner.TestRunner@4816c290]" started-at="2025-07-18T10:19:25 IST" name="runScenario" description="Runs Cucumber Scenarios" data-provider="scenarios" finished-at="2025-07-18T10:20:51 IST" duration-ms="86238" status="PASS">
          <params>
            <param index="0">
              <value>
                <![CDATA["Validate Credit Card EMI"]]>
              </value>
            </param>
            <param index="1">
              <value>
                <![CDATA["Credit Card EMI Calculation"]]>
              </value>
            </param>
          </params>
          <reporter-output>
          </reporter-output>
        </test-method> <!-- runScenario -->
        <test-method is-config="true" signature="tearDownClass()[pri:0, instance:com.loanemi.runner.TestRunner@4816c290]" started-at="2025-07-18T10:20:51 IST" name="tearDownClass" finished-at="2025-07-18T10:20:51 IST" duration-ms="37" status="PASS">
          <reporter-output>
          </reporter-output>
        </test-method> <!-- tearDownClass -->
        <test-method is-config="true" signature="afterSuite()[pri:0, instance:com.loanemi.runner.TestRunner@4816c290]" started-at="2025-07-18T10:20:51 IST" name="afterSuite" finished-at="2025-07-18T10:20:54 IST" duration-ms="3085" status="PASS">
          <reporter-output>
          </reporter-output>
        </test-method> <!-- afterSuite -->
      </class> <!-- com.loanemi.runner.TestRunner -->
    </test> <!-- Cucumber - Edge -->
  </suite> <!-- Loan EMI Automation Suite -->
</testng-results>
