<?xml version="1.0" encoding="UTF-8"?>
<!-- Generated by org.testng.reporters.JUnitXMLReporter -->
<testsuite ignored="0" hostname="LTIN555665" failures="0" tests="11" name="Loan EMI Test - Chrome" time="506.348" errors="0" timestamp="2025-07-15T10:29:07 IST">
  <testcase classname="com.loanemi.tests.LoanEMITest" name="testCarLoanEMICalculation" time="2.042"/>
  <testcase classname="com.loanemi.tests.LoanEMITest" name="testHomeLoanEMIDataExtraction" time="65.378"/>
  <testcase classname="com.loanemi.tests.LoanEMITest" name="testOnlyEMICalculatorFields" time="44.424"/>
  <testcase classname="com.loanemi.tests.LoanEMITest" name="testEMICalculatorUIValidation" time="39.159"/>
  <testcase classname="com.loanemi.tests.LoanEMITest" name="testOnlyLoanAmountCalculatorFields" time="44.408"/>
  <testcase classname="com.loanemi.tests.LoanEMITest" name="testLoanAmountCalculatorUIValidation" time="44.638"/>
  <testcase classname="com.loanemi.tests.LoanEMITest" name="testOnlyLoanTenureCalculatorFields" time="42.246"/>
  <testcase classname="com.loanemi.tests.LoanEMITest" name="testLoanTenureCalculatorUIValidation" time="42.11"/>
  <testcase classname="com.loanemi.tests.LoanEMITest" name="testOnlyInterestRateCalculatorFields" time="44.858"/>
  <testcase classname="com.loanemi.tests.LoanEMITest" name="testInterestRateCalculatorUIValidation" time="44.728"/>
  <testcase classname="com.loanemi.tests.LoanEMITest" name="testCreditCardEMICalculatorCalculation" time="39.326"/>
</testsuite> <!-- Loan EMI Test - Chrome -->
