<?xml version="1.0" encoding="UTF-8"?>
<!-- Generated by org.testng.reporters.JUnitXMLReporter -->
<testsuite ignored="0" hostname="LTIN555665" failures="0" tests="2" name="Loan EMI Test Execution" time="102.296" errors="0" timestamp="2025-07-14T11:55:52 IST">
  <testcase classname="com.loanemi.tests.LoanEMITest" name="testCarLoanEMICalculation" time="1.777"/>
  <testcase classname="com.loanemi.tests.LoanEMITest" name="testHomeLoanEMIDataExtraction" time="54.784"/>
</testsuite> <!-- Loan EMI Test Execution -->
