<?xml version="1.0" encoding="UTF-8"?>
<!-- Generated by org.testng.reporters.JUnitXMLReporter -->
<testsuite ignored="0" hostname="LTIN555665" failures="1" tests="12" name="TestNG - Chrome" time="1492.111" errors="0" timestamp="2025-07-15T13:11:28 IST">
  <testcase classname="com.loanemi.tests.LoanEMITest" name="@AfterMethod captureResult" time="0.051">
    <failure type="org.openqa.selenium.NoSuchSessionException" message="Cannot find session with id: d4a731480516249986d82b0c02a6a95e
Build info: version: &amp;apos;4.33.0&amp;apos;, revision: &amp;apos;2c6aaad03a&amp;apos;
System info: os.name: &amp;apos;Windows 11&amp;apos;, os.arch: &amp;apos;amd64&amp;apos;, os.version: &amp;apos;10.0&amp;apos;, java.version: &amp;apos;21.0.6&amp;apos;
Driver info: org.openqa.selenium.remote.RemoteWebDriver
Command: [d4a731480516249986d82b0c02a6a95e, screenshot {}]
Capabilities {acceptInsecureCerts: false, browserName: MicrosoftEdge, browserVersion: 138.0.3351.83, fedcm:accounts: true, ms:edgeOptions: {debuggerAddress: localhost:54312}, msedge: {msedgedriverVersion: 138.0.3351.83 (16e2a7bef320..., userDataDir: C:\Users\2407257\AppData\Lo...}, networkConnectionEnabled: false, pageLoadStrategy: normal, platformName: Windows 11, proxy: Proxy(), se:bidiEnabled: false, se:cdp: ws://10.109.187.7:4444/sess..., se:cdpVersion: 138.0.3351.83, setWindowRect: true, strictFileInteractability: false, timeouts: {implicit: 0, pageLoad: 300000, script: 30000}, unhandledPromptBehavior: dismiss and notify, webauthn:extension:credBlob: true, webauthn:extension:largeBlob: true, webauthn:extension:minPinLength: true, webauthn:extension:prf: true, webauthn:virtualAuthenticators: true}
Session ID: d4a731480516249986d82b0c02a6a95e">
      <![CDATA[org.openqa.selenium.NoSuchSessionException: Cannot find session with id: d4a731480516249986d82b0c02a6a95e
Build info: version: '4.33.0', revision: '2c6aaad03a'
System info: os.name: 'Windows 11', os.arch: 'amd64', os.version: '10.0', java.version: '21.0.6'
Driver info: org.openqa.selenium.remote.RemoteWebDriver
Command: [d4a731480516249986d82b0c02a6a95e, screenshot {}]
Capabilities {acceptInsecureCerts: false, browserName: MicrosoftEdge, browserVersion: 138.0.3351.83, fedcm:accounts: true, ms:edgeOptions: {debuggerAddress: localhost:54312}, msedge: {msedgedriverVersion: 138.0.3351.83 (16e2a7bef320..., userDataDir: C:\Users\2407257\AppData\Lo...}, networkConnectionEnabled: false, pageLoadStrategy: normal, platformName: Windows 11, proxy: Proxy(), se:bidiEnabled: false, se:cdp: ws://10.109.187.7:4444/sess..., se:cdpVersion: 138.0.3351.83, setWindowRect: true, strictFileInteractability: false, timeouts: {implicit: 0, pageLoad: 300000, script: 30000}, unhandledPromptBehavior: dismiss and notify, webauthn:extension:credBlob: true, webauthn:extension:largeBlob: true, webauthn:extension:minPinLength: true, webauthn:extension:prf: true, webauthn:virtualAuthenticators: true}
Session ID: d4a731480516249986d82b0c02a6a95e
at org.openqa.selenium.remote.ErrorCodec.decode(ErrorCodec.java:167)
at org.openqa.selenium.remote.codec.w3c.W3CHttpResponseCodec.decode(W3CHttpResponseCodec.java:138)
at org.openqa.selenium.remote.codec.w3c.W3CHttpResponseCodec.decode(W3CHttpResponseCodec.java:50)
at org.openqa.selenium.remote.HttpCommandExecutor.execute(HttpCommandExecutor.java:215)
at org.openqa.selenium.remote.TracedCommandExecutor.execute(TracedCommandExecutor.java:53)
at org.openqa.selenium.remote.RemoteWebDriver.execute(RemoteWebDriver.java:544)
at org.openqa.selenium.remote.RemoteWebDriver.execute(RemoteWebDriver.java:617)
at org.openqa.selenium.remote.RemoteWebDriver.execute(RemoteWebDriver.java:621)
at org.openqa.selenium.remote.RemoteWebDriver.getScreenshotAs(RemoteWebDriver.java:333)
at com.loanemi.utils.ScreenshotUtil.captureScreenshotWithPath(ScreenshotUtil.java:53)
at com.loanemi.tests.LoanEMITest.captureResult(LoanEMITest.java:198)
at java.base/java.util.ArrayList.forEach(ArrayList.java:1596)
at java.base/java.util.concurrent.FutureTask.run(FutureTask.java:317)
at java.base/java.util.concurrent.ThreadPoolExecutor.runWorker(ThreadPoolExecutor.java:1144)
at java.base/java.util.concurrent.ThreadPoolExecutor$Worker.run(ThreadPoolExecutor.java:642)
at java.base/java.lang.Thread.run(Thread.java:1583)
... Removed 23 stack frames]]>
    </failure>
  </testcase> <!-- @AfterMethod captureResult -->
  <testcase classname="com.loanemi.tests.LoanEMITest" name="@AfterMethod captureResult" time="0.0">
    <skipped/>
  </testcase> <!-- @AfterMethod captureResult -->
  <testcase classname="com.loanemi.tests.LoanEMITest" name="@AfterMethod captureResult" time="0.0">
    <skipped/>
  </testcase> <!-- @AfterMethod captureResult -->
  <testcase classname="com.loanemi.tests.LoanEMITest" name="@AfterMethod captureResult" time="0.0">
    <skipped/>
  </testcase> <!-- @AfterMethod captureResult -->
  <testcase classname="com.loanemi.tests.LoanEMITest" name="@AfterMethod captureResult" time="0.0">
    <skipped/>
  </testcase> <!-- @AfterMethod captureResult -->
  <testcase classname="com.loanemi.tests.LoanEMITest" name="@AfterClass tearDown" time="0.0">
    <skipped/>
  </testcase> <!-- @AfterClass tearDown -->
  <testcase classname="com.loanemi.tests.LoanEMITest" name="@AfterMethod captureResult" time="0.01">
    <failure type="org.openqa.selenium.NoSuchSessionException" message="Cannot find session with id: 1c1af0556b07a2003f9cf59f778b99e3
Build info: version: &amp;apos;4.33.0&amp;apos;, revision: &amp;apos;2c6aaad03a&amp;apos;
System info: os.name: &amp;apos;Windows 11&amp;apos;, os.arch: &amp;apos;amd64&amp;apos;, os.version: &amp;apos;10.0&amp;apos;, java.version: &amp;apos;21.0.6&amp;apos;
Driver info: org.openqa.selenium.remote.RemoteWebDriver
Command: [1c1af0556b07a2003f9cf59f778b99e3, screenshot {}]
Capabilities {acceptInsecureCerts: false, browserName: chrome, browserVersion: 137.0.7151.69, chrome: {chromedriverVersion: 137.0.7151.119 (e0ac9d12dff..., userDataDir: C:\Users\2407257\AppData\Lo...}, fedcm:accounts: true, goog:chromeOptions: {debuggerAddress: localhost:54303}, networkConnectionEnabled: false, pageLoadStrategy: normal, platformName: Windows 11, proxy: Proxy(), se:bidiEnabled: false, se:cdp: ws://10.109.187.7:4444/sess..., se:cdpVersion: 137.0.7151.69, setWindowRect: true, strictFileInteractability: false, timeouts: {implicit: 0, pageLoad: 300000, script: 30000}, unhandledPromptBehavior: dismiss and notify, webauthn:extension:credBlob: true, webauthn:extension:largeBlob: true, webauthn:extension:minPinLength: true, webauthn:extension:prf: true, webauthn:virtualAuthenticators: true}
Session ID: 1c1af0556b07a2003f9cf59f778b99e3">
      <![CDATA[org.openqa.selenium.NoSuchSessionException: Cannot find session with id: 1c1af0556b07a2003f9cf59f778b99e3
Build info: version: '4.33.0', revision: '2c6aaad03a'
System info: os.name: 'Windows 11', os.arch: 'amd64', os.version: '10.0', java.version: '21.0.6'
Driver info: org.openqa.selenium.remote.RemoteWebDriver
Command: [1c1af0556b07a2003f9cf59f778b99e3, screenshot {}]
Capabilities {acceptInsecureCerts: false, browserName: chrome, browserVersion: 137.0.7151.69, chrome: {chromedriverVersion: 137.0.7151.119 (e0ac9d12dff..., userDataDir: C:\Users\2407257\AppData\Lo...}, fedcm:accounts: true, goog:chromeOptions: {debuggerAddress: localhost:54303}, networkConnectionEnabled: false, pageLoadStrategy: normal, platformName: Windows 11, proxy: Proxy(), se:bidiEnabled: false, se:cdp: ws://10.109.187.7:4444/sess..., se:cdpVersion: 137.0.7151.69, setWindowRect: true, strictFileInteractability: false, timeouts: {implicit: 0, pageLoad: 300000, script: 30000}, unhandledPromptBehavior: dismiss and notify, webauthn:extension:credBlob: true, webauthn:extension:largeBlob: true, webauthn:extension:minPinLength: true, webauthn:extension:prf: true, webauthn:virtualAuthenticators: true}
Session ID: 1c1af0556b07a2003f9cf59f778b99e3
at org.openqa.selenium.remote.ErrorCodec.decode(ErrorCodec.java:167)
at org.openqa.selenium.remote.codec.w3c.W3CHttpResponseCodec.decode(W3CHttpResponseCodec.java:138)
at org.openqa.selenium.remote.codec.w3c.W3CHttpResponseCodec.decode(W3CHttpResponseCodec.java:50)
at org.openqa.selenium.remote.HttpCommandExecutor.execute(HttpCommandExecutor.java:215)
at org.openqa.selenium.remote.TracedCommandExecutor.execute(TracedCommandExecutor.java:53)
at org.openqa.selenium.remote.RemoteWebDriver.execute(RemoteWebDriver.java:544)
at org.openqa.selenium.remote.RemoteWebDriver.execute(RemoteWebDriver.java:617)
at org.openqa.selenium.remote.RemoteWebDriver.execute(RemoteWebDriver.java:621)
at org.openqa.selenium.remote.RemoteWebDriver.getScreenshotAs(RemoteWebDriver.java:333)
at com.loanemi.utils.ScreenshotUtil.captureScreenshotWithPath(ScreenshotUtil.java:53)
at com.loanemi.tests.LoanEMITest.captureResult(LoanEMITest.java:198)
at java.base/java.util.ArrayList.forEach(ArrayList.java:1596)
at java.base/java.util.concurrent.FutureTask.run(FutureTask.java:317)
at java.base/java.util.concurrent.ThreadPoolExecutor.runWorker(ThreadPoolExecutor.java:1144)
at java.base/java.util.concurrent.ThreadPoolExecutor$Worker.run(ThreadPoolExecutor.java:642)
at java.base/java.lang.Thread.run(Thread.java:1583)
... Removed 23 stack frames]]>
    </failure>
  </testcase> <!-- @AfterMethod captureResult -->
  <testcase classname="com.loanemi.tests.LoanEMITest" name="@AfterMethod captureResult" time="0.0">
    <skipped/>
  </testcase> <!-- @AfterMethod captureResult -->
  <testcase classname="com.loanemi.tests.LoanEMITest" name="@AfterMethod captureResult" time="0.0">
    <skipped/>
  </testcase> <!-- @AfterMethod captureResult -->
  <testcase classname="com.loanemi.tests.LoanEMITest" name="@AfterMethod captureResult" time="0.0">
    <skipped/>
  </testcase> <!-- @AfterMethod captureResult -->
  <testcase classname="com.loanemi.tests.LoanEMITest" name="@AfterMethod captureResult" time="0.0">
    <skipped/>
  </testcase> <!-- @AfterMethod captureResult -->
  <testcase classname="com.loanemi.tests.LoanEMITest" name="@AfterClass tearDown" time="0.0">
    <skipped/>
  </testcase> <!-- @AfterClass tearDown -->
  <testcase classname="com.loanemi.tests.LoanEMITest" name="testCarLoanEMICalculation" time="1.75"/>
  <testcase classname="com.loanemi.tests.LoanEMITest" name="testHomeLoanEMIDataExtraction" time="66.454"/>
  <testcase classname="com.loanemi.tests.LoanEMITest" name="testOnlyEMICalculatorFields" time="40.47"/>
  <testcase classname="com.loanemi.tests.LoanEMITest" name="testEMICalculatorUIValidation" time="39.453"/>
  <testcase classname="com.loanemi.tests.LoanEMITest" name="testOnlyLoanAmountCalculatorFields" time="40.398"/>
  <testcase classname="com.loanemi.tests.LoanEMITest" name="testLoanAmountCalculatorUIValidation" time="40.656"/>
  <testcase classname="com.loanemi.tests.LoanEMITest" name="testOnlyLoanTenureCalculatorFields" time="1198.656">
    <skipped/>
  </testcase> <!-- testOnlyLoanTenureCalculatorFields -->
  <testcase classname="com.loanemi.tests.LoanEMITest" name="testOnlyLoanTenureCalculatorFields" time="0.052">
    <failure type="org.openqa.selenium.NoSuchSessionException" message="Cannot find session with id: 1c1af0556b07a2003f9cf59f778b99e3
Build info: version: &amp;apos;4.34.0&amp;apos;, revision: &amp;apos;2a4c61c498&amp;apos;
System info: os.name: &amp;apos;Windows 11&amp;apos;, os.arch: &amp;apos;amd64&amp;apos;, os.version: &amp;apos;10.0&amp;apos;, java.version: &amp;apos;21&amp;apos;
Driver info: driver.version: unknown
Build info: version: &amp;apos;4.33.0&amp;apos;, revision: &amp;apos;2c6aaad03a&amp;apos;
System info: os.name: &amp;apos;Windows 11&amp;apos;, os.arch: &amp;apos;amd64&amp;apos;, os.version: &amp;apos;10.0&amp;apos;, java.version: &amp;apos;21.0.6&amp;apos;
Driver info: org.openqa.selenium.remote.RemoteWebDriver
Command: [1c1af0556b07a2003f9cf59f778b99e3, findElement {value=//a[@title=&amp;apos;Loan Calculators, Widgets &amp;amp; Rates&amp;apos;], using=xpath}]
Capabilities {acceptInsecureCerts: false, browserName: chrome, browserVersion: 137.0.7151.69, chrome: {chromedriverVersion: 137.0.7151.119 (e0ac9d12dff..., userDataDir: C:\Users\2407257\AppData\Lo...}, fedcm:accounts: true, goog:chromeOptions: {debuggerAddress: localhost:54303}, networkConnectionEnabled: false, pageLoadStrategy: normal, platformName: Windows 11, proxy: Proxy(), se:bidiEnabled: false, se:cdp: ws://10.109.187.7:4444/sess..., se:cdpVersion: 137.0.7151.69, setWindowRect: true, strictFileInteractability: false, timeouts: {implicit: 0, pageLoad: 300000, script: 30000}, unhandledPromptBehavior: dismiss and notify, webauthn:extension:credBlob: true, webauthn:extension:largeBlob: true, webauthn:extension:minPinLength: true, webauthn:extension:prf: true, webauthn:virtualAuthenticators: true}
Session ID: 1c1af0556b07a2003f9cf59f778b99e3">
      <![CDATA[org.openqa.selenium.NoSuchSessionException: Cannot find session with id: 1c1af0556b07a2003f9cf59f778b99e3
Build info: version: '4.34.0', revision: '2a4c61c498'
System info: os.name: 'Windows 11', os.arch: 'amd64', os.version: '10.0', java.version: '21'
Driver info: driver.version: unknown
Build info: version: '4.33.0', revision: '2c6aaad03a'
System info: os.name: 'Windows 11', os.arch: 'amd64', os.version: '10.0', java.version: '21.0.6'
Driver info: org.openqa.selenium.remote.RemoteWebDriver
Command: [1c1af0556b07a2003f9cf59f778b99e3, findElement {value=//a[@title='Loan Calculators, Widgets & Rates'], using=xpath}]
Capabilities {acceptInsecureCerts: false, browserName: chrome, browserVersion: 137.0.7151.69, chrome: {chromedriverVersion: 137.0.7151.119 (e0ac9d12dff..., userDataDir: C:\Users\2407257\AppData\Lo...}, fedcm:accounts: true, goog:chromeOptions: {debuggerAddress: localhost:54303}, networkConnectionEnabled: false, pageLoadStrategy: normal, platformName: Windows 11, proxy: Proxy(), se:bidiEnabled: false, se:cdp: ws://10.109.187.7:4444/sess..., se:cdpVersion: 137.0.7151.69, setWindowRect: true, strictFileInteractability: false, timeouts: {implicit: 0, pageLoad: 300000, script: 30000}, unhandledPromptBehavior: dismiss and notify, webauthn:extension:credBlob: true, webauthn:extension:largeBlob: true, webauthn:extension:minPinLength: true, webauthn:extension:prf: true, webauthn:virtualAuthenticators: true}
Session ID: 1c1af0556b07a2003f9cf59f778b99e3
at org.openqa.selenium.remote.ErrorCodec.decode(ErrorCodec.java:167)
at org.openqa.selenium.remote.codec.w3c.W3CHttpResponseCodec.decode(W3CHttpResponseCodec.java:138)
at org.openqa.selenium.remote.codec.w3c.W3CHttpResponseCodec.decode(W3CHttpResponseCodec.java:50)
at org.openqa.selenium.remote.HttpCommandExecutor.execute(HttpCommandExecutor.java:215)
at org.openqa.selenium.remote.TracedCommandExecutor.execute(TracedCommandExecutor.java:53)
at org.openqa.selenium.remote.RemoteWebDriver.execute(RemoteWebDriver.java:544)
at org.openqa.selenium.remote.ElementLocation$ElementFinder$2.findElement(ElementLocation.java:165)
at org.openqa.selenium.remote.ElementLocation.findElement(ElementLocation.java:59)
at org.openqa.selenium.remote.RemoteWebDriver.findElement(RemoteWebDriver.java:367)
at org.openqa.selenium.remote.RemoteWebDriver.findElement(RemoteWebDriver.java:361)
at org.openqa.selenium.support.pagefactory.DefaultElementLocator.findElement(DefaultElementLocator.java:68)
at org.openqa.selenium.support.pagefactory.internal.LocatingElementHandler.invoke(LocatingElementHandler.java:38)
at jdk.proxy2/jdk.proxy2.$Proxy47.isDisplayed(Unknown Source)
at org.openqa.selenium.support.ui.ExpectedConditions.elementIfVisible(ExpectedConditions.java:304)
at org.openqa.selenium.support.ui.ExpectedConditions$10.apply(ExpectedConditions.java:290)
at org.openqa.selenium.support.ui.ExpectedConditions$10.apply(ExpectedConditions.java:287)
at org.openqa.selenium.support.ui.ExpectedConditions$23.apply(ExpectedConditions.java:656)
at org.openqa.selenium.support.ui.ExpectedConditions$23.apply(ExpectedConditions.java:652)
at org.openqa.selenium.support.ui.FluentWait.until(FluentWait.java:203)
at com.loanemi.utils.WaitUtil.waitForClickability(WaitUtil.java:52)
at com.loanemi.pages.LoanCalculatorPage.navigateToLoanCalculator(LoanCalculatorPage.java:126)
at com.loanemi.tests.LoanEMITest.testOnlyLoanTenureCalculatorFields(LoanEMITest.java:142)
at java.base/java.util.ArrayList.forEach(ArrayList.java:1596)
at java.base/java.util.concurrent.FutureTask.run(FutureTask.java:317)
at java.base/java.util.concurrent.ThreadPoolExecutor.runWorker(ThreadPoolExecutor.java:1144)
at java.base/java.util.concurrent.ThreadPoolExecutor$Worker.run(ThreadPoolExecutor.java:642)
at java.base/java.lang.Thread.run(Thread.java:1583)
... Removed 18 stack frames]]>
    </failure>
  </testcase> <!-- testOnlyLoanTenureCalculatorFields -->
  <testcase classname="com.loanemi.tests.LoanEMITest" name="testLoanTenureCalculatorUIValidation" time="0.0">
    <skipped/>
  </testcase> <!-- testLoanTenureCalculatorUIValidation -->
  <testcase classname="com.loanemi.tests.LoanEMITest" name="testOnlyInterestRateCalculatorFields" time="0.0">
    <skipped/>
  </testcase> <!-- testOnlyInterestRateCalculatorFields -->
  <testcase classname="com.loanemi.tests.LoanEMITest" name="testInterestRateCalculatorUIValidation" time="0.0">
    <skipped/>
  </testcase> <!-- testInterestRateCalculatorUIValidation -->
  <testcase classname="com.loanemi.tests.LoanEMITest" name="testCreditCardEMICalculatorCalculation" time="0.0">
    <skipped/>
  </testcase> <!-- testCreditCardEMICalculatorCalculation -->
</testsuite> <!-- TestNG - Chrome -->
